<?xml version="1.0" encoding="UTF-8"?>
<!-- Generated by org.testng.reporters.JUnitXMLReporter -->
<testsuite ignored="6" hostname="Kirtan-1910" failures="0" tests="22" name="Identify New Bikes Test Automation" time="42.055" errors="0" timestamp="2023-01-21T20:51:07 IST">
  <testcase classname="upcomingBikes.UpcomingBikesTest" name="hoverBoxMenu" time="1.689"/>
  <testcase classname="upcomingBikes.UpcomingBikesTest" name="upcomingBikesButton" time="1.653"/>
  <testcase classname="upcomingBikes.UpcomingBikesTest" name="manufacturerDropdown" time="0.549"/>
  <testcase classname="upcomingBikes.UpcomingBikesTest" name="selectBrand" time="3.244"/>
  <testcase classname="upcomingBikes.UpcomingBikesTest" name="viewMoreButton" time="1.482"/>
  <testcase classname="upcomingBikes.UpcomingBikesTest" name="displayUpcomingBikes" time="0.993"/>
  <testcase classname="upcomingBikes.UpcomingBikesTest" name="upcomingBikesToHomepage" time="3.762"/>
  <testcase classname="usedCars.UsedCarsTest" name="hoverTest" time="1.747"/>
  <testcase classname="usedCars.UsedCarsTest" name="usedCarsChennaiClick" time="2.069"/>
  <testcase classname="usedCars.UsedCarsTest" name="popularCarsDisplayed" time="0.908"/>
  <testcase classname="usedCars.UsedCarsTest" name="usedCarsToHomepage" time="5.964"/>
  <testcase classname="invalidLogin.InvalidLoginTest" name="loginButton" time="1.379"/>
  <testcase classname="invalidLogin.InvalidLoginTest" name="continueWithGoogle" time="4.441"/>
  <testcase classname="invalidLogin.InvalidLoginTest" name="emailTextBox" time="0.252"/>
  <testcase classname="invalidLogin.InvalidLoginTest" name="invalidEmailOrPhone" time="1.098"/>
  <testcase classname="invalidLogin.InvalidLoginTest" name="invalidEmailOrPhone" time="0.564"/>
  <testcase classname="invalidLogin.InvalidLoginTest" name="invalidEmailOrPhone" time="0.497"/>
  <testcase classname="invalidLogin.InvalidLoginTest" name="invalidEmailOrPhone" time="0.501"/>
  <testcase classname="invalidLogin.InvalidLoginTest" name="invalidEmailOrPhone" time="0.92"/>
  <testcase classname="invalidLogin.InvalidLoginTest" name="validEmail" time="0.344"/>
  <testcase classname="invalidLogin.InvalidLoginTest" name="passwordTextBox" time="1.801"/>
  <testcase classname="invalidLogin.InvalidLoginTest" name="invalidPassword" time="0.776"/>
  <testcase classname="baseClass.BaseClass" name="@BeforeSuite openUrl" time="0.0">
    <ignored/>
  </testcase> <!-- @BeforeSuite openUrl -->
  <testcase classname="baseClass.BaseClass" name="@BeforeSuite configuration" time="0.0">
    <ignored/>
  </testcase> <!-- @BeforeSuite configuration -->
  <testcase classname="baseClass.BaseClass" name="@AfterSuite closeDriver" time="0.0">
    <ignored/>
  </testcase> <!-- @AfterSuite closeDriver -->
  <testcase classname="baseClass.BaseClass" name="@BeforeSuite configuration" time="0.0">
    <ignored/>
  </testcase> <!-- @BeforeSuite configuration -->
  <testcase classname="baseClass.BaseClass" name="@BeforeSuite openUrl" time="0.0">
    <ignored/>
  </testcase> <!-- @BeforeSuite openUrl -->
  <testcase classname="baseClass.BaseClass" name="@AfterSuite closeDriver" time="0.0">
    <ignored/>
  </testcase> <!-- @AfterSuite closeDriver -->
</testsuite> <!-- Identify New Bikes Test Automation -->
