<?xml version="1.0" encoding="UTF-8"?>
<!-- Generated by org.testng.reporters.JUnitXMLReporter -->
<testsuite ignored="6" hostname="Kirtan-1910" failures="0" tests="22" name="UpcomingBikesTest" time="27.816" errors="0" timestamp="2022-12-24T17:07:37 IST">
  <testcase classname="upcomingBikes.UpcomingBikesTest" name="hoverBoxMenu" time="0.991"/>
  <testcase classname="upcomingBikes.UpcomingBikesTest" name="upcomingBikesButton" time="2.557"/>
  <testcase classname="upcomingBikes.UpcomingBikesTest" name="manufacturerDropdown" time="0.242"/>
  <testcase classname="upcomingBikes.UpcomingBikesTest" name="selectBrand" time="1.105"/>
  <testcase classname="upcomingBikes.UpcomingBikesTest" name="viewMoreButton" time="2.851"/>
  <testcase classname="upcomingBikes.UpcomingBikesTest" name="displayUpcomingBikes" time="0.554"/>
  <testcase classname="upcomingBikes.UpcomingBikesTest" name="upcomingBikesToHomepage" time="1.466"/>
  <testcase classname="usedCars.UsedCarsTest" name="hoverTest" time="0.501"/>
  <testcase classname="usedCars.UsedCarsTest" name="usedCarsChennaiClick" time="1.467"/>
  <testcase classname="usedCars.UsedCarsTest" name="popularCarsDisplayed" time="1.161"/>
  <testcase classname="usedCars.UsedCarsTest" name="usedCarsToHomepage" time="1.968"/>
  <testcase classname="invalidLogin.InvalidLoginTest" name="loginButton" time="0.273"/>
  <testcase classname="invalidLogin.InvalidLoginTest" name="continueWithGoogle" time="4.96"/>
  <testcase classname="invalidLogin.InvalidLoginTest" name="emailTextBox" time="0.285"/>
  <testcase classname="invalidLogin.InvalidLoginTest" name="invalidEmailOrPhone" time="0.514"/>
  <testcase classname="invalidLogin.InvalidLoginTest" name="invalidEmailOrPhone" time="0.424"/>
  <testcase classname="invalidLogin.InvalidLoginTest" name="invalidEmailOrPhone" time="0.371"/>
  <testcase classname="invalidLogin.InvalidLoginTest" name="invalidEmailOrPhone" time="0.359"/>
  <testcase classname="invalidLogin.InvalidLoginTest" name="invalidEmailOrPhone" time="0.722"/>
  <testcase classname="invalidLogin.InvalidLoginTest" name="validEmail" time="0.158"/>
  <testcase classname="invalidLogin.InvalidLoginTest" name="passwordTextBox" time="1.234"/>
  <testcase classname="invalidLogin.InvalidLoginTest" name="invalidPassword" time="0.647"/>
  <testcase classname="baseClass.BaseClass" name="@AfterSuite closeDriver" time="0.0">
    <ignored/>
  </testcase> <!-- @AfterSuite closeDriver -->
  <testcase classname="baseClass.BaseClass" name="@BeforeSuite openUrl" time="0.0">
    <ignored/>
  </testcase> <!-- @BeforeSuite openUrl -->
  <testcase classname="baseClass.BaseClass" name="@BeforeSuite configuration" time="0.0">
    <ignored/>
  </testcase> <!-- @BeforeSuite configuration -->
  <testcase classname="baseClass.BaseClass" name="@BeforeSuite openUrl" time="0.0">
    <ignored/>
  </testcase> <!-- @BeforeSuite openUrl -->
  <testcase classname="baseClass.BaseClass" name="@AfterSuite closeDriver" time="0.0">
    <ignored/>
  </testcase> <!-- @AfterSuite closeDriver -->
  <testcase classname="baseClass.BaseClass" name="@BeforeSuite configuration" time="0.0">
    <ignored/>
  </testcase> <!-- @BeforeSuite configuration -->
</testsuite> <!-- UpcomingBikesTest -->
